2014-12-03 15:19:43,837 - [INFO] - from play in pool-4-thread-2 
Listening for HTTP on /0:0:0:0:0:0:0:0:9000

2014-12-03 15:20:13,342 - [ERROR] - from application in New I/O worker #1 


! @6kd2n2d50 - Internal server error, for (GET) [/] ->

play.PlayExceptions$CompilationException: Compilation error[error: local variable sqlCode is accessed from within inner class; needs to be declared final]
	at play.PlayExceptions$CompilationException$.apply(PlayExceptions.scala:27) ~[na:na]
	at play.PlayExceptions$CompilationException$.apply(PlayExceptions.scala:27) ~[na:na]
	at scala.Option.map(Option.scala:145) ~[scala-library-2.11.1.jar:na]
	at play.PlayReloader$$anon$1$$anonfun$play$PlayReloader$$anon$$taskFailureHandler$1.apply(PlayReloader.scala:235) ~[na:na]
	at play.PlayReloader$$anon$1$$anonfun$play$PlayReloader$$anon$$taskFailureHandler$1.apply(PlayReloader.scala:230) ~[na:na]
	at scala.Option.map(Option.scala:145) ~[scala-library-2.11.1.jar:na]
	at play.PlayReloader$$anon$1.play$PlayReloader$$anon$$taskFailureHandler(PlayReloader.scala:230) ~[na:na]
	at play.PlayReloader$$anon$1$$anonfun$reload$2.apply(PlayReloader.scala:90) ~[na:na]
	at play.PlayReloader$$anon$1$$anonfun$reload$2.apply(PlayReloader.scala:90) ~[na:na]
	at scala.util.Either$LeftProjection.map(Either.scala:377) ~[scala-library-2.11.1.jar:na]
	at play.PlayReloader$$anon$1.reload(PlayReloader.scala:90) ~[na:na]
	at play.core.ReloadableApplication$$anonfun$get$1.apply(ApplicationProvider.scala:122) ~[play_2.11-2.3.6.jar:2.3.6]
	at play.core.ReloadableApplication$$anonfun$get$1.apply(ApplicationProvider.scala:120) ~[play_2.11-2.3.6.jar:2.3.6]
	at scala.concurrent.impl.Future$PromiseCompletingRunnable.liftedTree1$1(Future.scala:24) ~[scala-library-2.11.1.jar:na]
	at scala.concurrent.impl.Future$PromiseCompletingRunnable.run(Future.scala:24) ~[scala-library-2.11.1.jar:na]
	at scala.concurrent.forkjoin.ForkJoinTask$AdaptedRunnableAction.exec(ForkJoinTask.java:1361) ~[scala-library-2.11.1.jar:na]
	at scala.concurrent.forkjoin.ForkJoinTask.doExec(ForkJoinTask.java:260) ~[scala-library-2.11.1.jar:na]
	at scala.concurrent.forkjoin.ForkJoinPool$WorkQueue.runTask(ForkJoinPool.java:1339) ~[scala-library-2.11.1.jar:na]
	at scala.concurrent.forkjoin.ForkJoinPool.runWorker(ForkJoinPool.java:1979) ~[scala-library-2.11.1.jar:na]
	at scala.concurrent.forkjoin.ForkJoinWorkerThread.run(ForkJoinWorkerThread.java:107) ~[scala-library-2.11.1.jar:na]

2014-12-03 15:20:13,424 - [WARN] - from play in New I/O worker #1 
No application found at invoker init

2014-12-03 15:22:04,887 - [INFO] - from play in play-internal-execution-context-1 
datasource [jdbc:mysql://infoserver.cecs.csulb.edu:3306/fall2014v] bound to JNDI as nba

2014-12-03 15:22:06,095 - [INFO] - from play in play-internal-execution-context-1 
database [nba] connected at jdbc:mysql://infoserver.cecs.csulb.edu:3306/fall2014v

2014-12-03 15:22:06,213 - [INFO] - from play in play-internal-execution-context-1 
Application started (Dev)

2014-12-03 15:29:08,220 - [INFO] - from play in play-internal-execution-context-1 
datasource [jdbc:mysql://infoserver.cecs.csulb.edu:3306/fall2014v] bound to JNDI as nba

2014-12-03 15:29:09,138 - [INFO] - from play in play-internal-execution-context-1 
database [nba] connected at jdbc:mysql://infoserver.cecs.csulb.edu:3306/fall2014v

2014-12-03 15:29:09,151 - [INFO] - from play in play-internal-execution-context-1 
Application started (Dev)

2014-12-03 15:29:51,427 - [INFO] - from play in play-internal-execution-context-1 
datasource [jdbc:mysql://infoserver.cecs.csulb.edu:3306/fall2014v] bound to JNDI as nba

2014-12-03 15:29:52,461 - [INFO] - from play in play-internal-execution-context-1 
database [nba] connected at jdbc:mysql://infoserver.cecs.csulb.edu:3306/fall2014v

2014-12-03 15:29:52,473 - [INFO] - from play in play-internal-execution-context-1 
Application started (Dev)

2014-12-03 15:38:40,973 - [INFO] - from play in play-internal-execution-context-1 
datasource [jdbc:mysql://infoserver.cecs.csulb.edu:3306/fall2014v] bound to JNDI as nba

2014-12-03 15:38:41,967 - [INFO] - from play in play-internal-execution-context-1 
database [nba] connected at jdbc:mysql://infoserver.cecs.csulb.edu:3306/fall2014v

2014-12-03 15:38:41,975 - [INFO] - from play in play-internal-execution-context-1 
Application started (Dev)

2014-12-03 15:45:48,290 - [INFO] - from play in play-internal-execution-context-1 
datasource [jdbc:mysql://infoserver.cecs.csulb.edu:3306/fall2014v] bound to JNDI as nba

2014-12-03 15:45:49,285 - [INFO] - from play in play-internal-execution-context-1 
database [nba] connected at jdbc:mysql://infoserver.cecs.csulb.edu:3306/fall2014v

2014-12-03 15:45:49,292 - [INFO] - from play in play-internal-execution-context-1 
Application started (Dev)

2014-12-03 15:46:42,967 - [INFO] - from play in play-internal-execution-context-1 
datasource [jdbc:mysql://infoserver.cecs.csulb.edu:3306/fall2014v] bound to JNDI as nba

2014-12-03 15:46:43,881 - [INFO] - from play in play-internal-execution-context-1 
database [nba] connected at jdbc:mysql://infoserver.cecs.csulb.edu:3306/fall2014v

2014-12-03 15:46:43,889 - [INFO] - from play in play-internal-execution-context-1 
Application started (Dev)

2014-12-03 15:47:39,697 - [INFO] - from play in play-internal-execution-context-2 
datasource [jdbc:mysql://infoserver.cecs.csulb.edu:3306/fall2014v] bound to JNDI as nba

2014-12-03 15:47:40,817 - [INFO] - from play in play-internal-execution-context-2 
database [nba] connected at jdbc:mysql://infoserver.cecs.csulb.edu:3306/fall2014v

2014-12-03 15:47:40,825 - [INFO] - from play in play-internal-execution-context-2 
Application started (Dev)

2014-12-03 15:48:13,415 - [INFO] - from play in play-internal-execution-context-2 
datasource [jdbc:mysql://infoserver.cecs.csulb.edu:3306/fall2014v] bound to JNDI as nba

2014-12-03 15:48:14,474 - [INFO] - from play in play-internal-execution-context-2 
database [nba] connected at jdbc:mysql://infoserver.cecs.csulb.edu:3306/fall2014v

2014-12-03 15:48:14,483 - [INFO] - from play in play-internal-execution-context-2 
Application started (Dev)

2014-12-03 15:53:13,648 - [INFO] - from play in play-internal-execution-context-2 
datasource [jdbc:mysql://infoserver.cecs.csulb.edu:3306/fall2014v] bound to JNDI as nba

2014-12-03 15:53:14,635 - [INFO] - from play in play-internal-execution-context-2 
database [nba] connected at jdbc:mysql://infoserver.cecs.csulb.edu:3306/fall2014v

2014-12-03 15:53:14,642 - [INFO] - from play in play-internal-execution-context-2 
Application started (Dev)

2014-12-03 15:53:44,211 - [INFO] - from play in play-internal-execution-context-2 
datasource [jdbc:mysql://infoserver.cecs.csulb.edu:3306/fall2014v] bound to JNDI as nba

2014-12-03 15:53:45,060 - [INFO] - from play in play-internal-execution-context-2 
database [nba] connected at jdbc:mysql://infoserver.cecs.csulb.edu:3306/fall2014v

2014-12-03 15:53:45,067 - [INFO] - from play in play-internal-execution-context-2 
Application started (Dev)

2014-12-03 15:54:13,601 - [INFO] - from play in play-internal-execution-context-2 
datasource [jdbc:mysql://infoserver.cecs.csulb.edu:3306/fall2014v] bound to JNDI as nba

2014-12-03 15:54:14,478 - [INFO] - from play in play-internal-execution-context-2 
database [nba] connected at jdbc:mysql://infoserver.cecs.csulb.edu:3306/fall2014v

2014-12-03 15:54:14,486 - [INFO] - from play in play-internal-execution-context-2 
Application started (Dev)

2014-12-03 15:58:15,379 - [INFO] - from play in play-internal-execution-context-2 
datasource [jdbc:mysql://infoserver.cecs.csulb.edu:3306/fall2014v] bound to JNDI as nba

2014-12-03 15:58:16,951 - [INFO] - from play in play-internal-execution-context-2 
database [nba] connected at jdbc:mysql://infoserver.cecs.csulb.edu:3306/fall2014v

2014-12-03 15:58:16,960 - [INFO] - from play in play-internal-execution-context-2 
Application started (Dev)

2014-12-03 16:00:25,103 - [INFO] - from play in play-internal-execution-context-2 
datasource [jdbc:mysql://infoserver.cecs.csulb.edu:3306/fall2014v] bound to JNDI as nba

2014-12-03 16:00:26,026 - [INFO] - from play in play-internal-execution-context-2 
database [nba] connected at jdbc:mysql://infoserver.cecs.csulb.edu:3306/fall2014v

2014-12-03 16:00:26,033 - [INFO] - from play in play-internal-execution-context-2 
Application started (Dev)

2014-12-03 16:00:54,060 - [INFO] - from play in play-internal-execution-context-2 
datasource [jdbc:mysql://infoserver.cecs.csulb.edu:3306/fall2014v] bound to JNDI as nba

2014-12-03 16:00:54,987 - [INFO] - from play in play-internal-execution-context-2 
database [nba] connected at jdbc:mysql://infoserver.cecs.csulb.edu:3306/fall2014v

2014-12-03 16:00:54,994 - [INFO] - from play in play-internal-execution-context-2 
Application started (Dev)

2014-12-03 16:01:47,327 - [INFO] - from play in play-internal-execution-context-2 
datasource [jdbc:mysql://infoserver.cecs.csulb.edu:3306/fall2014v] bound to JNDI as nba

2014-12-03 16:01:48,909 - [INFO] - from play in play-internal-execution-context-2 
database [nba] connected at jdbc:mysql://infoserver.cecs.csulb.edu:3306/fall2014v

2014-12-03 16:01:48,917 - [INFO] - from play in play-internal-execution-context-2 
Application started (Dev)

2014-12-03 16:04:10,821 - [INFO] - from play in play-internal-execution-context-2 
datasource [jdbc:mysql://infoserver.cecs.csulb.edu:3306/fall2014v] bound to JNDI as nba

2014-12-03 16:04:11,765 - [INFO] - from play in play-internal-execution-context-2 
database [nba] connected at jdbc:mysql://infoserver.cecs.csulb.edu:3306/fall2014v

2014-12-03 16:04:11,777 - [INFO] - from play in play-internal-execution-context-2 
Application started (Dev)

2014-12-03 16:05:17,328 - [INFO] - from play in play-internal-execution-context-2 
datasource [jdbc:mysql://infoserver.cecs.csulb.edu:3306/fall2014v] bound to JNDI as nba

2014-12-03 16:05:19,196 - [INFO] - from play in play-internal-execution-context-2 
database [nba] connected at jdbc:mysql://infoserver.cecs.csulb.edu:3306/fall2014v

2014-12-03 16:05:19,204 - [INFO] - from play in play-internal-execution-context-2 
Application started (Dev)

2014-12-03 16:10:16,791 - [INFO] - from play in play-internal-execution-context-3 
datasource [jdbc:mysql://infoserver.cecs.csulb.edu:3306/fall2014v] bound to JNDI as nba

2014-12-03 16:10:17,694 - [INFO] - from play in play-internal-execution-context-3 
database [nba] connected at jdbc:mysql://infoserver.cecs.csulb.edu:3306/fall2014v

2014-12-03 16:10:17,703 - [INFO] - from play in play-internal-execution-context-3 
Application started (Dev)

2014-12-03 16:20:17,749 - [INFO] - from play in play-internal-execution-context-3 
datasource [jdbc:mysql://infoserver.cecs.csulb.edu:3306/fall2014v] bound to JNDI as nba

2014-12-03 16:20:18,633 - [INFO] - from play in play-internal-execution-context-3 
database [nba] connected at jdbc:mysql://infoserver.cecs.csulb.edu:3306/fall2014v

2014-12-03 16:20:18,640 - [INFO] - from play in play-internal-execution-context-3 
Application started (Dev)

2014-12-03 16:21:29,683 - [INFO] - from play in play-internal-execution-context-3 
datasource [jdbc:mysql://infoserver.cecs.csulb.edu:3306/fall2014v] bound to JNDI as nba

2014-12-03 16:21:30,544 - [INFO] - from play in play-internal-execution-context-3 
database [nba] connected at jdbc:mysql://infoserver.cecs.csulb.edu:3306/fall2014v

2014-12-03 16:21:30,551 - [INFO] - from play in play-internal-execution-context-3 
Application started (Dev)

2014-12-03 16:21:56,141 - [INFO] - from play in play-internal-execution-context-3 
datasource [jdbc:mysql://infoserver.cecs.csulb.edu:3306/fall2014v] bound to JNDI as nba

2014-12-03 16:21:57,060 - [INFO] - from play in play-internal-execution-context-3 
database [nba] connected at jdbc:mysql://infoserver.cecs.csulb.edu:3306/fall2014v

2014-12-03 16:21:57,067 - [INFO] - from play in play-internal-execution-context-3 
Application started (Dev)

2014-12-03 16:23:49,022 - [INFO] - from play in play-internal-execution-context-3 
datasource [jdbc:mysql://infoserver.cecs.csulb.edu:3306/fall2014v] bound to JNDI as nba

2014-12-03 16:23:50,010 - [INFO] - from play in play-internal-execution-context-3 
database [nba] connected at jdbc:mysql://infoserver.cecs.csulb.edu:3306/fall2014v

2014-12-03 16:23:50,016 - [INFO] - from play in play-internal-execution-context-3 
Application started (Dev)

2014-12-03 16:25:29,628 - [INFO] - from play in play-internal-execution-context-3 
datasource [jdbc:mysql://infoserver.cecs.csulb.edu:3306/fall2014v] bound to JNDI as nba

2014-12-03 16:25:30,549 - [INFO] - from play in play-internal-execution-context-3 
database [nba] connected at jdbc:mysql://infoserver.cecs.csulb.edu:3306/fall2014v

2014-12-03 16:25:30,555 - [INFO] - from play in play-internal-execution-context-3 
Application started (Dev)

2014-12-03 16:26:51,133 - [INFO] - from play in play-internal-execution-context-5 
datasource [jdbc:mysql://infoserver.cecs.csulb.edu:3306/fall2014v] bound to JNDI as nba

2014-12-03 16:26:52,049 - [INFO] - from play in play-internal-execution-context-5 
database [nba] connected at jdbc:mysql://infoserver.cecs.csulb.edu:3306/fall2014v

2014-12-03 16:26:52,056 - [INFO] - from play in play-internal-execution-context-5 
Application started (Dev)

2014-12-03 16:27:10,864 - [INFO] - from play in play-internal-execution-context-5 
datasource [jdbc:mysql://infoserver.cecs.csulb.edu:3306/fall2014v] bound to JNDI as nba

2014-12-03 16:27:11,861 - [INFO] - from play in play-internal-execution-context-5 
database [nba] connected at jdbc:mysql://infoserver.cecs.csulb.edu:3306/fall2014v

2014-12-03 16:27:11,868 - [INFO] - from play in play-internal-execution-context-5 
Application started (Dev)

2014-12-03 16:27:53,749 - [ERROR] - from play in play-akka.actor.default-dispatcher-184 
Cannot invoke the action, eventually got an error: java.lang.NullPointerException

2014-12-03 16:27:53,757 - [ERROR] - from application in play-akka.actor.default-dispatcher-184 


! @6kd35pdj2 - Internal server error, for (GET) [/queryCommand/5] ->

play.api.Application$$anon$1: Execution exception[[NullPointerException: null]]
	at play.api.Application$class.handleError(Application.scala:296) ~[play_2.11-2.3.6.jar:2.3.6]
	at play.api.DefaultApplication.handleError(Application.scala:402) [play_2.11-2.3.6.jar:2.3.6]
	at play.core.server.netty.PlayDefaultUpstreamHandler$$anonfun$3$$anonfun$applyOrElse$4.apply(PlayDefaultUpstreamHandler.scala:320) [play_2.11-2.3.6.jar:2.3.6]
	at play.core.server.netty.PlayDefaultUpstreamHandler$$anonfun$3$$anonfun$applyOrElse$4.apply(PlayDefaultUpstreamHandler.scala:320) [play_2.11-2.3.6.jar:2.3.6]
	at scala.Option.map(Option.scala:145) [scala-library-2.11.1.jar:na]
	at play.core.server.netty.PlayDefaultUpstreamHandler$$anonfun$3.applyOrElse(PlayDefaultUpstreamHandler.scala:320) [play_2.11-2.3.6.jar:2.3.6]
	at play.core.server.netty.PlayDefaultUpstreamHandler$$anonfun$3.applyOrElse(PlayDefaultUpstreamHandler.scala:316) [play_2.11-2.3.6.jar:2.3.6]
	at scala.concurrent.Future$$anonfun$recoverWith$1.apply(Future.scala:344) [scala-library-2.11.1.jar:na]
	at scala.concurrent.Future$$anonfun$recoverWith$1.apply(Future.scala:343) [scala-library-2.11.1.jar:na]
	at scala.concurrent.impl.CallbackRunnable.run(Promise.scala:32) [scala-library-2.11.1.jar:na]
	at play.api.libs.iteratee.Execution$trampoline$.execute(Execution.scala:46) [play-iteratees_2.11-2.3.6.jar:2.3.6]
	at scala.concurrent.impl.CallbackRunnable.executeWithValue(Promise.scala:40) [scala-library-2.11.1.jar:na]
	at scala.concurrent.impl.Promise$DefaultPromise.tryComplete(Promise.scala:248) [scala-library-2.11.1.jar:na]
	at scala.concurrent.Promise$class.complete(Promise.scala:55) [scala-library-2.11.1.jar:na]
	at scala.concurrent.impl.Promise$DefaultPromise.complete(Promise.scala:153) [scala-library-2.11.1.jar:na]
	at scala.concurrent.impl.Future$PromiseCompletingRunnable.run(Future.scala:23) [scala-library-2.11.1.jar:na]
	at akka.dispatch.TaskInvocation.run(AbstractDispatcher.scala:41) [akka-actor_2.11-2.3.4.jar:na]
	at akka.dispatch.ForkJoinExecutorConfigurator$AkkaForkJoinTask.exec(AbstractDispatcher.scala:393) [akka-actor_2.11-2.3.4.jar:na]
	at scala.concurrent.forkjoin.ForkJoinTask.doExec(ForkJoinTask.java:260) [scala-library-2.11.1.jar:na]
	at scala.concurrent.forkjoin.ForkJoinPool$WorkQueue.runTask(ForkJoinPool.java:1339) [scala-library-2.11.1.jar:na]
	at scala.concurrent.forkjoin.ForkJoinPool.runWorker(ForkJoinPool.java:1979) [scala-library-2.11.1.jar:na]
	at scala.concurrent.forkjoin.ForkJoinWorkerThread.run(ForkJoinWorkerThread.java:107) [scala-library-2.11.1.jar:na]
Caused by: java.lang.NullPointerException: null
	at controllers.Query.query5(Query.java:116) ~[na:na]
	at controllers.Application.queryCommand(Application.java:39) ~[na:na]
	at Routes$$anonfun$routes$1$$anonfun$applyOrElse$3$$anonfun$apply$3.apply(routes_routing.scala:82) ~[na:na]
	at Routes$$anonfun$routes$1$$anonfun$applyOrElse$3$$anonfun$apply$3.apply(routes_routing.scala:82) ~[na:na]
	at play.core.Router$HandlerInvokerFactory$$anon$4.resultCall(Router.scala:264) ~[play_2.11-2.3.6.jar:2.3.6]
	at play.core.Router$HandlerInvokerFactory$JavaActionInvokerFactory$$anon$15$$anon$1.invocation(Router.scala:255) ~[play_2.11-2.3.6.jar:2.3.6]
	at play.core.j.JavaAction$$anon$1.call(JavaAction.scala:55) ~[play_2.11-2.3.6.jar:2.3.6]
	at play.core.j.JavaAction$$anonfun$11.apply(JavaAction.scala:82) ~[play_2.11-2.3.6.jar:2.3.6]
	at play.core.j.JavaAction$$anonfun$11.apply(JavaAction.scala:82) ~[play_2.11-2.3.6.jar:2.3.6]
	at scala.concurrent.impl.Future$PromiseCompletingRunnable.liftedTree1$1(Future.scala:24) [scala-library-2.11.1.jar:na]
	at scala.concurrent.impl.Future$PromiseCompletingRunnable.run(Future.scala:24) [scala-library-2.11.1.jar:na]
	at play.core.j.HttpExecutionContext$$anon$2.run(HttpExecutionContext.scala:40) ~[play_2.11-2.3.6.jar:2.3.6]
	at play.api.libs.iteratee.Execution$trampoline$.execute(Execution.scala:46) [play-iteratees_2.11-2.3.6.jar:2.3.6]
	at play.core.j.HttpExecutionContext.execute(HttpExecutionContext.scala:32) ~[play_2.11-2.3.6.jar:2.3.6]
	at scala.concurrent.impl.Future$.apply(Future.scala:31) ~[scala-library-2.11.1.jar:na]
	at scala.concurrent.Future$.apply(Future.scala:492) ~[scala-library-2.11.1.jar:na]
	at play.core.j.JavaAction$class.apply(JavaAction.scala:82) ~[play_2.11-2.3.6.jar:2.3.6]
	at play.core.Router$HandlerInvokerFactory$JavaActionInvokerFactory$$anon$15$$anon$1.apply(Router.scala:252) ~[play_2.11-2.3.6.jar:2.3.6]
	at play.api.mvc.Action$$anonfun$apply$1$$anonfun$apply$4$$anonfun$apply$5.apply(Action.scala:130) ~[play_2.11-2.3.6.jar:2.3.6]
	at play.api.mvc.Action$$anonfun$apply$1$$anonfun$apply$4$$anonfun$apply$5.apply(Action.scala:130) ~[play_2.11-2.3.6.jar:2.3.6]
	at play.utils.Threads$.withContextClassLoader(Threads.scala:21) ~[play_2.11-2.3.6.jar:2.3.6]
	at play.api.mvc.Action$$anonfun$apply$1$$anonfun$apply$4.apply(Action.scala:129) ~[play_2.11-2.3.6.jar:2.3.6]
	at play.api.mvc.Action$$anonfun$apply$1$$anonfun$apply$4.apply(Action.scala:128) ~[play_2.11-2.3.6.jar:2.3.6]
	at scala.Option.map(Option.scala:145) [scala-library-2.11.1.jar:na]
	at play.api.mvc.Action$$anonfun$apply$1.apply(Action.scala:128) ~[play_2.11-2.3.6.jar:2.3.6]
	at play.api.mvc.Action$$anonfun$apply$1.apply(Action.scala:121) ~[play_2.11-2.3.6.jar:2.3.6]
	at play.api.libs.iteratee.Iteratee$$anonfun$mapM$1.apply(Iteratee.scala:483) ~[play-iteratees_2.11-2.3.6.jar:2.3.6]
	at play.api.libs.iteratee.Iteratee$$anonfun$mapM$1.apply(Iteratee.scala:483) ~[play-iteratees_2.11-2.3.6.jar:2.3.6]
	at play.api.libs.iteratee.Iteratee$$anonfun$flatMapM$1.apply(Iteratee.scala:519) ~[play-iteratees_2.11-2.3.6.jar:2.3.6]
	at play.api.libs.iteratee.Iteratee$$anonfun$flatMapM$1.apply(Iteratee.scala:519) ~[play-iteratees_2.11-2.3.6.jar:2.3.6]
	at play.api.libs.iteratee.Iteratee$$anonfun$flatMap$1$$anonfun$apply$14.apply(Iteratee.scala:496) ~[play-iteratees_2.11-2.3.6.jar:2.3.6]
	at play.api.libs.iteratee.Iteratee$$anonfun$flatMap$1$$anonfun$apply$14.apply(Iteratee.scala:496) ~[play-iteratees_2.11-2.3.6.jar:2.3.6]
	at scala.concurrent.impl.Future$PromiseCompletingRunnable.liftedTree1$1(Future.scala:24) [scala-library-2.11.1.jar:na]
	at scala.concurrent.impl.Future$PromiseCompletingRunnable.run(Future.scala:24) [scala-library-2.11.1.jar:na]
	... 6 common frames omitted

2014-12-03 16:29:59,097 - [ERROR] - from application in New I/O worker #10 


! @6kd366h3n - Internal server error, for (GET) [/] ->

play.PlayExceptions$CompilationException: Compilation error[error: ';' expected]
	at play.PlayExceptions$CompilationException$.apply(PlayExceptions.scala:27) ~[na:na]
	at play.PlayExceptions$CompilationException$.apply(PlayExceptions.scala:27) ~[na:na]
	at scala.Option.map(Option.scala:145) ~[scala-library-2.11.1.jar:na]
	at play.PlayReloader$$anon$1$$anonfun$play$PlayReloader$$anon$$taskFailureHandler$1.apply(PlayReloader.scala:235) ~[na:na]
	at play.PlayReloader$$anon$1$$anonfun$play$PlayReloader$$anon$$taskFailureHandler$1.apply(PlayReloader.scala:230) ~[na:na]
	at scala.Option.map(Option.scala:145) ~[scala-library-2.11.1.jar:na]
	at play.PlayReloader$$anon$1.play$PlayReloader$$anon$$taskFailureHandler(PlayReloader.scala:230) ~[na:na]
	at play.PlayReloader$$anon$1$$anonfun$reload$2.apply(PlayReloader.scala:90) ~[na:na]
	at play.PlayReloader$$anon$1$$anonfun$reload$2.apply(PlayReloader.scala:90) ~[na:na]
	at scala.util.Either$LeftProjection.map(Either.scala:377) ~[scala-library-2.11.1.jar:na]
	at play.PlayReloader$$anon$1.reload(PlayReloader.scala:90) ~[na:na]
	at play.core.ReloadableApplication$$anonfun$get$1.apply(ApplicationProvider.scala:122) ~[play_2.11-2.3.6.jar:2.3.6]
	at play.core.ReloadableApplication$$anonfun$get$1.apply(ApplicationProvider.scala:120) ~[play_2.11-2.3.6.jar:2.3.6]
	at scala.concurrent.impl.Future$PromiseCompletingRunnable.liftedTree1$1(Future.scala:24) ~[scala-library-2.11.1.jar:na]
	at scala.concurrent.impl.Future$PromiseCompletingRunnable.run(Future.scala:24) ~[scala-library-2.11.1.jar:na]
	at scala.concurrent.forkjoin.ForkJoinTask$AdaptedRunnableAction.exec(ForkJoinTask.java:1361) ~[scala-library-2.11.1.jar:na]
	at scala.concurrent.forkjoin.ForkJoinTask.doExec(ForkJoinTask.java:260) ~[scala-library-2.11.1.jar:na]
	at scala.concurrent.forkjoin.ForkJoinPool$WorkQueue.runTask(ForkJoinPool.java:1339) ~[scala-library-2.11.1.jar:na]
	at scala.concurrent.forkjoin.ForkJoinPool.runWorker(ForkJoinPool.java:1979) ~[scala-library-2.11.1.jar:na]
	at scala.concurrent.forkjoin.ForkJoinWorkerThread.run(ForkJoinWorkerThread.java:107) ~[scala-library-2.11.1.jar:na]

2014-12-03 16:30:18,823 - [ERROR] - from application in New I/O worker #10 


! @6kd367k8f - Internal server error, for (GET) [/] ->

play.PlayExceptions$CompilationException: Compilation error[error: ';' expected]
	at play.PlayExceptions$CompilationException$.apply(PlayExceptions.scala:27) ~[na:na]
	at play.PlayExceptions$CompilationException$.apply(PlayExceptions.scala:27) ~[na:na]
	at scala.Option.map(Option.scala:145) ~[scala-library-2.11.1.jar:na]
	at play.PlayReloader$$anon$1$$anonfun$play$PlayReloader$$anon$$taskFailureHandler$1.apply(PlayReloader.scala:235) ~[na:na]
	at play.PlayReloader$$anon$1$$anonfun$play$PlayReloader$$anon$$taskFailureHandler$1.apply(PlayReloader.scala:230) ~[na:na]
	at scala.Option.map(Option.scala:145) ~[scala-library-2.11.1.jar:na]
	at play.PlayReloader$$anon$1.play$PlayReloader$$anon$$taskFailureHandler(PlayReloader.scala:230) ~[na:na]
	at play.PlayReloader$$anon$1$$anonfun$reload$2.apply(PlayReloader.scala:90) ~[na:na]
	at play.PlayReloader$$anon$1$$anonfun$reload$2.apply(PlayReloader.scala:90) ~[na:na]
	at scala.util.Either$LeftProjection.map(Either.scala:377) ~[scala-library-2.11.1.jar:na]
	at play.PlayReloader$$anon$1.reload(PlayReloader.scala:90) ~[na:na]
	at play.core.ReloadableApplication$$anonfun$get$1.apply(ApplicationProvider.scala:122) ~[play_2.11-2.3.6.jar:2.3.6]
	at play.core.ReloadableApplication$$anonfun$get$1.apply(ApplicationProvider.scala:120) ~[play_2.11-2.3.6.jar:2.3.6]
	at scala.concurrent.impl.Future$PromiseCompletingRunnable.liftedTree1$1(Future.scala:24) ~[scala-library-2.11.1.jar:na]
	at scala.concurrent.impl.Future$PromiseCompletingRunnable.run(Future.scala:24) ~[scala-library-2.11.1.jar:na]
	at scala.concurrent.forkjoin.ForkJoinTask$AdaptedRunnableAction.exec(ForkJoinTask.java:1361) ~[scala-library-2.11.1.jar:na]
	at scala.concurrent.forkjoin.ForkJoinTask.doExec(ForkJoinTask.java:260) ~[scala-library-2.11.1.jar:na]
	at scala.concurrent.forkjoin.ForkJoinPool$WorkQueue.runTask(ForkJoinPool.java:1339) ~[scala-library-2.11.1.jar:na]
	at scala.concurrent.forkjoin.ForkJoinPool.runWorker(ForkJoinPool.java:1979) ~[scala-library-2.11.1.jar:na]
	at scala.concurrent.forkjoin.ForkJoinWorkerThread.run(ForkJoinWorkerThread.java:107) ~[scala-library-2.11.1.jar:na]

2014-12-03 16:30:31,461 - [INFO] - from play in play-internal-execution-context-5 
datasource [jdbc:mysql://infoserver.cecs.csulb.edu:3306/fall2014v] bound to JNDI as nba

2014-12-03 16:30:32,406 - [INFO] - from play in play-internal-execution-context-5 
database [nba] connected at jdbc:mysql://infoserver.cecs.csulb.edu:3306/fall2014v

2014-12-03 16:30:32,414 - [INFO] - from play in play-internal-execution-context-5 
Application started (Dev)

2014-12-03 16:48:49,047 - [INFO] - from play in play-internal-execution-context-7 
datasource [jdbc:mysql://infoserver.cecs.csulb.edu:3306/fall2014v] bound to JNDI as nba

2014-12-03 16:48:49,977 - [INFO] - from play in play-internal-execution-context-7 
database [nba] connected at jdbc:mysql://infoserver.cecs.csulb.edu:3306/fall2014v

2014-12-03 16:48:49,984 - [INFO] - from play in play-internal-execution-context-7 
Application started (Dev)

2014-12-03 16:51:19,278 - [INFO] - from play in play-internal-execution-context-7 
datasource [jdbc:mysql://infoserver.cecs.csulb.edu:3306/fall2014v] bound to JNDI as nba

2014-12-03 16:51:20,150 - [INFO] - from play in play-internal-execution-context-7 
database [nba] connected at jdbc:mysql://infoserver.cecs.csulb.edu:3306/fall2014v

2014-12-03 16:51:20,156 - [INFO] - from play in play-internal-execution-context-7 
Application started (Dev)

2014-12-03 16:52:07,251 - [INFO] - from play in play-internal-execution-context-7 
datasource [jdbc:mysql://infoserver.cecs.csulb.edu:3306/fall2014v] bound to JNDI as nba

2014-12-03 16:52:08,189 - [INFO] - from play in play-internal-execution-context-7 
database [nba] connected at jdbc:mysql://infoserver.cecs.csulb.edu:3306/fall2014v

2014-12-03 16:52:08,196 - [INFO] - from play in play-internal-execution-context-7 
Application started (Dev)

2014-12-03 16:52:25,153 - [INFO] - from play in play-internal-execution-context-7 
datasource [jdbc:mysql://infoserver.cecs.csulb.edu:3306/fall2014v] bound to JNDI as nba

2014-12-03 16:52:26,144 - [INFO] - from play in play-internal-execution-context-7 
database [nba] connected at jdbc:mysql://infoserver.cecs.csulb.edu:3306/fall2014v

2014-12-03 16:52:26,151 - [INFO] - from play in play-internal-execution-context-7 
Application started (Dev)

2014-12-03 16:59:35,173 - [INFO] - from play in play-internal-execution-context-7 
datasource [jdbc:mysql://infoserver.cecs.csulb.edu:3306/fall2014v] bound to JNDI as nba

2014-12-03 16:59:36,094 - [INFO] - from play in play-internal-execution-context-7 
database [nba] connected at jdbc:mysql://infoserver.cecs.csulb.edu:3306/fall2014v

2014-12-03 16:59:36,100 - [INFO] - from play in play-internal-execution-context-7 
Application started (Dev)

2014-12-03 17:00:31,569 - [INFO] - from play in play-internal-execution-context-7 
datasource [jdbc:mysql://infoserver.cecs.csulb.edu:3306/fall2014v] bound to JNDI as nba

2014-12-03 17:00:32,427 - [INFO] - from play in play-internal-execution-context-7 
database [nba] connected at jdbc:mysql://infoserver.cecs.csulb.edu:3306/fall2014v

2014-12-03 17:00:32,434 - [INFO] - from play in play-internal-execution-context-7 
Application started (Dev)

2014-12-03 17:00:59,116 - [INFO] - from play in play-internal-execution-context-7 
datasource [jdbc:mysql://infoserver.cecs.csulb.edu:3306/fall2014v] bound to JNDI as nba

2014-12-03 17:01:00,044 - [INFO] - from play in play-internal-execution-context-7 
database [nba] connected at jdbc:mysql://infoserver.cecs.csulb.edu:3306/fall2014v

2014-12-03 17:01:00,051 - [INFO] - from play in play-internal-execution-context-7 
Application started (Dev)

2014-12-03 17:01:42,139 - [INFO] - from play in play-internal-execution-context-7 
datasource [jdbc:mysql://infoserver.cecs.csulb.edu:3306/fall2014v] bound to JNDI as nba

2014-12-03 17:01:42,991 - [INFO] - from play in play-internal-execution-context-7 
database [nba] connected at jdbc:mysql://infoserver.cecs.csulb.edu:3306/fall2014v

2014-12-03 17:01:42,998 - [INFO] - from play in play-internal-execution-context-7 
Application started (Dev)

2014-12-03 17:02:28,730 - [INFO] - from play in play-internal-execution-context-7 
datasource [jdbc:mysql://infoserver.cecs.csulb.edu:3306/fall2014v] bound to JNDI as nba

2014-12-03 17:02:29,641 - [INFO] - from play in play-internal-execution-context-7 
database [nba] connected at jdbc:mysql://infoserver.cecs.csulb.edu:3306/fall2014v

2014-12-03 17:02:29,648 - [INFO] - from play in play-internal-execution-context-7 
Application started (Dev)

2014-12-03 17:02:49,662 - [INFO] - from play in play-internal-execution-context-7 
datasource [jdbc:mysql://infoserver.cecs.csulb.edu:3306/fall2014v] bound to JNDI as nba

2014-12-03 17:02:50,644 - [INFO] - from play in play-internal-execution-context-7 
database [nba] connected at jdbc:mysql://infoserver.cecs.csulb.edu:3306/fall2014v

2014-12-03 17:02:50,651 - [INFO] - from play in play-internal-execution-context-7 
Application started (Dev)

2014-12-03 17:06:03,183 - [INFO] - from play in play-internal-execution-context-7 
datasource [jdbc:mysql://infoserver.cecs.csulb.edu:3306/fall2014v] bound to JNDI as nba

2014-12-03 17:06:04,028 - [INFO] - from play in play-internal-execution-context-7 
database [nba] connected at jdbc:mysql://infoserver.cecs.csulb.edu:3306/fall2014v

2014-12-03 17:06:04,035 - [INFO] - from play in play-internal-execution-context-7 
Application started (Dev)

2014-12-03 17:06:43,751 - [INFO] - from play in play-internal-execution-context-7 
datasource [jdbc:mysql://infoserver.cecs.csulb.edu:3306/fall2014v] bound to JNDI as nba

2014-12-03 17:06:44,665 - [INFO] - from play in play-internal-execution-context-7 
database [nba] connected at jdbc:mysql://infoserver.cecs.csulb.edu:3306/fall2014v

2014-12-03 17:06:44,671 - [INFO] - from play in play-internal-execution-context-7 
Application started (Dev)

2014-12-03 17:07:11,478 - [INFO] - from play in play-internal-execution-context-7 
datasource [jdbc:mysql://infoserver.cecs.csulb.edu:3306/fall2014v] bound to JNDI as nba

2014-12-03 17:07:12,530 - [INFO] - from play in play-internal-execution-context-7 
database [nba] connected at jdbc:mysql://infoserver.cecs.csulb.edu:3306/fall2014v

2014-12-03 17:07:12,539 - [INFO] - from play in play-internal-execution-context-7 
Application started (Dev)

2014-12-03 17:07:33,989 - [INFO] - from play in play-internal-execution-context-7 
datasource [jdbc:mysql://infoserver.cecs.csulb.edu:3306/fall2014v] bound to JNDI as nba

2014-12-03 17:07:34,877 - [INFO] - from play in play-internal-execution-context-7 
database [nba] connected at jdbc:mysql://infoserver.cecs.csulb.edu:3306/fall2014v

2014-12-03 17:07:34,884 - [INFO] - from play in play-internal-execution-context-7 
Application started (Dev)

2014-12-03 17:07:40,344 - [INFO] - from play in play-internal-execution-context-7 
datasource [jdbc:mysql://infoserver.cecs.csulb.edu:3306/fall2014v] bound to JNDI as nba

2014-12-03 17:07:41,344 - [INFO] - from play in play-internal-execution-context-7 
database [nba] connected at jdbc:mysql://infoserver.cecs.csulb.edu:3306/fall2014v

2014-12-03 17:07:41,351 - [INFO] - from play in play-internal-execution-context-7 
Application started (Dev)

2014-12-03 17:08:02,504 - [INFO] - from play in play-internal-execution-context-7 
datasource [jdbc:mysql://infoserver.cecs.csulb.edu:3306/fall2014v] bound to JNDI as nba

2014-12-03 17:08:03,380 - [INFO] - from play in play-internal-execution-context-7 
database [nba] connected at jdbc:mysql://infoserver.cecs.csulb.edu:3306/fall2014v

2014-12-03 17:08:03,386 - [INFO] - from play in play-internal-execution-context-7 
Application started (Dev)

2014-12-03 17:08:39,166 - [INFO] - from play in play-internal-execution-context-7 
datasource [jdbc:mysql://infoserver.cecs.csulb.edu:3306/fall2014v] bound to JNDI as nba

2014-12-03 17:08:40,055 - [INFO] - from play in play-internal-execution-context-7 
database [nba] connected at jdbc:mysql://infoserver.cecs.csulb.edu:3306/fall2014v

2014-12-03 17:08:40,062 - [INFO] - from play in play-internal-execution-context-7 
Application started (Dev)

2014-12-03 17:09:12,664 - [INFO] - from play in play-internal-execution-context-7 
datasource [jdbc:mysql://infoserver.cecs.csulb.edu:3306/fall2014v] bound to JNDI as nba

2014-12-03 17:09:13,639 - [INFO] - from play in play-internal-execution-context-7 
database [nba] connected at jdbc:mysql://infoserver.cecs.csulb.edu:3306/fall2014v

2014-12-03 17:09:13,645 - [INFO] - from play in play-internal-execution-context-7 
Application started (Dev)

2014-12-03 17:09:22,986 - [INFO] - from play in play-internal-execution-context-7 
datasource [jdbc:mysql://infoserver.cecs.csulb.edu:3306/fall2014v] bound to JNDI as nba

2014-12-03 17:09:23,826 - [INFO] - from play in play-internal-execution-context-7 
database [nba] connected at jdbc:mysql://infoserver.cecs.csulb.edu:3306/fall2014v

2014-12-03 17:09:23,832 - [INFO] - from play in play-internal-execution-context-7 
Application started (Dev)

2014-12-03 17:11:26,861 - [INFO] - from play in play-internal-execution-context-7 
datasource [jdbc:mysql://infoserver.cecs.csulb.edu:3306/fall2014v] bound to JNDI as nba

2014-12-03 17:11:27,842 - [INFO] - from play in play-internal-execution-context-7 
database [nba] connected at jdbc:mysql://infoserver.cecs.csulb.edu:3306/fall2014v

2014-12-03 17:11:27,849 - [INFO] - from play in play-internal-execution-context-7 
Application started (Dev)

2014-12-03 17:11:35,803 - [INFO] - from play in play-internal-execution-context-10 
datasource [jdbc:mysql://infoserver.cecs.csulb.edu:3306/fall2014v] bound to JNDI as nba

2014-12-03 17:11:36,703 - [INFO] - from play in play-internal-execution-context-10 
database [nba] connected at jdbc:mysql://infoserver.cecs.csulb.edu:3306/fall2014v

2014-12-03 17:11:36,709 - [INFO] - from play in play-internal-execution-context-10 
Application started (Dev)

2014-12-03 17:11:49,859 - [INFO] - from play in play-internal-execution-context-10 
datasource [jdbc:mysql://infoserver.cecs.csulb.edu:3306/fall2014v] bound to JNDI as nba

2014-12-03 17:11:50,787 - [INFO] - from play in play-internal-execution-context-10 
database [nba] connected at jdbc:mysql://infoserver.cecs.csulb.edu:3306/fall2014v

2014-12-03 17:11:50,793 - [INFO] - from play in play-internal-execution-context-10 
Application started (Dev)

2014-12-03 17:12:25,723 - [INFO] - from play in play-internal-execution-context-7 
datasource [jdbc:mysql://infoserver.cecs.csulb.edu:3306/fall2014v] bound to JNDI as nba

2014-12-03 17:12:26,972 - [INFO] - from play in play-internal-execution-context-7 
database [nba] connected at jdbc:mysql://infoserver.cecs.csulb.edu:3306/fall2014v

2014-12-03 17:12:26,979 - [INFO] - from play in play-internal-execution-context-7 
Application started (Dev)

2014-12-03 17:12:35,818 - [INFO] - from play in play-internal-execution-context-7 
datasource [jdbc:mysql://infoserver.cecs.csulb.edu:3306/fall2014v] bound to JNDI as nba

2014-12-03 17:12:36,765 - [INFO] - from play in play-internal-execution-context-7 
database [nba] connected at jdbc:mysql://infoserver.cecs.csulb.edu:3306/fall2014v

2014-12-03 17:12:36,772 - [INFO] - from play in play-internal-execution-context-7 
Application started (Dev)

2014-12-03 17:13:06,484 - [INFO] - from play in play-internal-execution-context-7 
datasource [jdbc:mysql://infoserver.cecs.csulb.edu:3306/fall2014v] bound to JNDI as nba

2014-12-03 17:13:07,424 - [INFO] - from play in play-internal-execution-context-7 
database [nba] connected at jdbc:mysql://infoserver.cecs.csulb.edu:3306/fall2014v

2014-12-03 17:13:07,431 - [INFO] - from play in play-internal-execution-context-7 
Application started (Dev)

2014-12-03 17:13:17,203 - [INFO] - from play in play-internal-execution-context-7 
datasource [jdbc:mysql://infoserver.cecs.csulb.edu:3306/fall2014v] bound to JNDI as nba

2014-12-03 17:13:18,172 - [INFO] - from play in play-internal-execution-context-7 
database [nba] connected at jdbc:mysql://infoserver.cecs.csulb.edu:3306/fall2014v

2014-12-03 17:13:18,179 - [INFO] - from play in play-internal-execution-context-7 
Application started (Dev)

